{"/Users/oksana/Desktop/9/first.js": {"path":"/Users/oksana/Desktop/9/first.js","statementMap":{"0":{"start":{"line":1,"column":23},"end":{"line":8,"column":3}},"1":{"start":{"line":3,"column":14},"end":{"line":3,"column":19}},"2":{"start":{"line":4,"column":2},"end":{"line":4,"column":11}},"3":{"start":{"line":5,"column":2},"end":{"line":5,"column":42}},"4":{"start":{"line":6,"column":2},"end":{"line":6,"column":11}},"5":{"start":{"line":7,"column":2},"end":{"line":7,"column":15}},"6":{"start":{"line":9,"column":2},"end":{"line":9,"column":36}}},"fnMap":{"0":{"name":"(anonymous_0)","decl":{"start":{"line":1,"column":23},"end":{"line":1,"column":24}},"loc":{"start":{"line":1,"column":33},"end":{"line":8,"column":3}},"line":1}},"branchMap":{"0":{"loc":{"start":{"line":5,"column":2},"end":{"line":5,"column":41}},"type":"cond-expr","locations":[{"start":{"line":5,"column":14},"end":{"line":5,"column":24}},{"start":{"line":5,"column":29},"end":{"line":5,"column":40}}],"line":5}},"s":{"0":1,"1":1,"2":1,"3":1,"4":1,"5":1,"6":1},"f":{"0":1},"b":{"0":[1,0]},"_coverageSchema":"1a1c01bbd47fc00a2c39e90264f33305004495a9","hash":"c5766a46c48adc8517e3522905d13993e24671d5"}
}
